# JRE version: Java(TM) SE Runtime Environment (8.0_171-b11) (build 1.8.0_171-b11)
# Java VM: Java HotSpot(TM) 64-Bit Server VM (25.171-b11 mixed mode windows-amd64 compressed oops)
Heap:
 PSYoungGen      total 581120K, used 39842K [0x00000000d5d00000, 0x00000000fa000000, 0x0000000100000000)
  eden space 569344K, 6% used [0x00000000d5d00000,0x00000000d83c8d20,0x00000000f8900000)
  from space 11776K, 2% used [0x00000000f8900000,0x00000000f8940000,0x00000000f9480000)
  to   space 11776K, 0% used [0x00000000f9480000,0x00000000f9480000,0x00000000fa000000)
 ParOldGen       total 59392K, used 37581K [0x0000000081600000, 0x0000000085000000, 0x00000000d5d00000)
  object space 59392K, 63% used [0x0000000081600000,0x0000000083ab34e0,0x0000000085000000)
 Metaspace       used 28147K, capacity 29722K, committed 29952K, reserved 1075200K
  class space    used 3527K, capacity 4269K, committed 4352K, reserved 1048576K
GC Heap History (10 events):
Event: 8.350 GC heap before
{Heap before GC invocations=36 (full 2):
 PSYoungGen      total 581120K, used 569568K [0x00000000d5d00000, 0x00000000fa000000, 0x0000000100000000)
  eden space 569344K, 100% used [0x00000000d5d00000,0x00000000f8900000,0x00000000f8900000)
  from space 11776K, 1% used [0x00000000f8900000,0x00000000f8938000,0x00000000f9480000)
  to   space 11776K, 0% used [0x00000000f9480000,0x00000000f9480000,0x00000000fa000000)
 ParOldGen       total 59392K, used 37517K [0x0000000081600000, 0x0000000085000000, 0x00000000d5d00000)
  object space 59392K, 63% used [0x0000000081600000,0x0000000083aa34e0,0x0000000085000000)
 Metaspace       used 28125K, capacity 29722K, committed 29952K, reserved 1075200K
  class space    used 3527K, capacity 4269K, committed 4352K, reserved 1048576K
Event: 8.352 GC heap after
Heap after GC invocations=36 (full 2):
 PSYoungGen      total 581120K, used 256K [0x00000000d5d00000, 0x00000000fa000000, 0x0000000100000000)
  eden space 569344K, 0% used [0x00000000d5d00000,0x00000000d5d00000,0x00000000f8900000)
  from space 11776K, 2% used [0x00000000f9480000,0x00000000f94c0000,0x00000000fa000000)
  to   space 11776K, 0% used [0x00000000f8900000,0x00000000f8900000,0x00000000f9480000)
 ParOldGen       total 59392K, used 37525K [0x0000000081600000, 0x0000000085000000, 0x00000000d5d00000)
  object space 59392K, 63% used [0x0000000081600000,0x0000000083aa54e0,0x0000000085000000)
 Metaspace       used 28125K, capacity 29722K, committed 29952K, reserved 1075200K
  class space    used 3527K, capacity 4269K, committed 4352K, reserved 1048576K
}
Event: 8.375 GC heap before
{Heap before GC invocations=37 (full 2):
 PSYoungGen      total 581120K, used 569600K [0x00000000d5d00000, 0x00000000fa000000, 0x0000000100000000)
  eden space 569344K, 100% used [0x00000000d5d00000,0x00000000f8900000,0x00000000f8900000)
  from space 11776K, 2% used [0x00000000f9480000,0x00000000f94c0000,0x00000000fa000000)
  to   space 11776K, 0% used [0x00000000f8900000,0x00000000f8900000,0x00000000f9480000)
 ParOldGen       total 59392K, used 37525K [0x0000000081600000, 0x0000000085000000, 0x00000000d5d00000)
  object space 59392K, 63% used [0x0000000081600000,0x0000000083aa54e0,0x0000000085000000)
 Metaspace       used 28129K, capacity 29722K, committed 29952K, reserved 1075200K
  class space    used 3527K, capacity 4269K, committed 4352K, reserved 1048576K
Event: 8.377 GC heap after
Heap after GC invocations=37 (full 2):
 PSYoungGen      total 581120K, used 320K [0x00000000d5d00000, 0x00000000fa000000, 0x0000000100000000)
  eden space 569344K, 0% used [0x00000000d5d00000,0x00000000d5d00000,0x00000000f8900000)
  from space 11776K, 2% used [0x00000000f8900000,0x00000000f8950000,0x00000000f9480000)
  to   space 11776K, 0% used [0x00000000f9480000,0x00000000f9480000,0x00000000fa000000)
 ParOldGen       total 59392K, used 37541K [0x0000000081600000, 0x0000000085000000, 0x00000000d5d00000)
  object space 59392K, 63% used [0x0000000081600000,0x0000000083aa94e0,0x0000000085000000)
 Metaspace       used 28129K, capacity 29722K, committed 29952K, reserved 1075200K
  class space    used 3527K, capacity 4269K, committed 4352K, reserved 1048576K
}
Event: 8.410 GC heap before
{Heap before GC invocations=38 (full 2):
 PSYoungGen      total 581120K, used 569664K [0x00000000d5d00000, 0x00000000fa000000, 0x0000000100000000)
  eden space 569344K, 100% used [0x00000000d5d00000,0x00000000f8900000,0x00000000f8900000)
  from space 11776K, 2% used [0x00000000f8900000,0x00000000f8950000,0x00000000f9480000)
  to   space 11776K, 0% used [0x00000000f9480000,0x00000000f9480000,0x00000000fa000000)
 ParOldGen       total 59392K, used 37541K [0x0000000081600000, 0x0000000085000000, 0x00000000d5d00000)
  object space 59392K, 63% used [0x0000000081600000,0x0000000083aa94e0,0x0000000085000000)
 Metaspace       used 28138K, capacity 29722K, committed 29952K, reserved 1075200K
  class space    used 3527K, capacity 4269K, committed 4352K, reserved 1048576K
Event: 8.411 GC heap after
Heap after GC invocations=38 (full 2):
 PSYoungGen      total 581120K, used 256K [0x00000000d5d00000, 0x00000000fa000000, 0x0000000100000000)
  eden space 569344K, 0% used [0x00000000d5d00000,0x00000000d5d00000,0x00000000f8900000)
  from space 11776K, 2% used [0x00000000f9480000,0x00000000f94c0000,0x00000000fa000000)
  to   space 11776K, 0% used [0x00000000f8900000,0x00000000f8900000,0x00000000f9480000)
 ParOldGen       total 59392K, used 37549K [0x0000000081600000, 0x0000000085000000, 0x00000000d5d00000)
  object space 59392K, 63% used [0x0000000081600000,0x0000000083aab4e0,0x0000000085000000)
 Metaspace       used 28138K, capacity 29722K, committed 29952K, reserved 1075200K
  class space    used 3527K, capacity 4269K, committed 4352K, reserved 1048576K
}
Event: 8.434 GC heap before
{Heap before GC invocations=39 (full 2):
 PSYoungGen      total 581120K, used 569600K [0x00000000d5d00000, 0x00000000fa000000, 0x0000000100000000)
  eden space 569344K, 100% used [0x00000000d5d00000,0x00000000f8900000,0x00000000f8900000)
  from space 11776K, 2% used [0x00000000f9480000,0x00000000f94c0000,0x00000000fa000000)
  to   space 11776K, 0% used [0x00000000f8900000,0x00000000f8900000,0x00000000f9480000)
 ParOldGen       total 59392K, used 37549K [0x0000000081600000, 0x0000000085000000, 0x00000000d5d00000)
  object space 59392K, 63% used [0x0000000081600000,0x0000000083aab4e0,0x0000000085000000)
 Metaspace       used 28138K, capacity 29722K, committed 29952K, reserved 1075200K
  class space    used 3527K, capacity 4269K, committed 4352K, reserved 1048576K
Event: 8.436 GC heap after
Heap after GC invocations=39 (full 2):
 PSYoungGen      total 581120K, used 192K [0x00000000d5d00000, 0x00000000fa000000, 0x0000000100000000)
  eden space 569344K, 0% used [0x00000000d5d00000,0x00000000d5d00000,0x00000000f8900000)
  from space 11776K, 1% used [0x00000000f8900000,0x00000000f8930000,0x00000000f9480000)
  to   space 11776K, 0% used [0x00000000f9480000,0x00000000f9480000,0x00000000fa000000)
 ParOldGen       total 59392K, used 37557K [0x0000000081600000, 0x0000000085000000, 0x00000000d5d00000)
  object space 59392K, 63% used [0x0000000081600000,0x0000000083aad4e0,0x0000000085000000)
 Metaspace       used 28138K, capacity 29722K, committed 29952K, reserved 1075200K
  class space    used 3527K, capacity 4269K, committed 4352K, reserved 1048576K
}
Event: 8.457 GC heap before
{Heap before GC invocations=40 (full 2):
 PSYoungGen      total 581120K, used 569536K [0x00000000d5d00000, 0x00000000fa000000, 0x0000000100000000)
  eden space 569344K, 100% used [0x00000000d5d00000,0x00000000f8900000,0x00000000f8900000)
  from space 11776K, 1% used [0x00000000f8900000,0x00000000f8930000,0x00000000f9480000)
  to   space 11776K, 0% used [0x00000000f9480000,0x00000000f9480000,0x00000000fa000000)
 ParOldGen       total 59392K, used 37557K [0x0000000081600000, 0x0000000085000000, 0x00000000d5d00000)
  object space 59392K, 63% used [0x0000000081600000,0x0000000083aad4e0,0x0000000085000000)
 Metaspace       used 28138K, capacity 29722K, committed 29952K, reserved 1075200K
  class space    used 3527K, capacity 4269K, committed 4352K, reserved 1048576K
Event: 8.458 GC heap after
Heap after GC invocations=40 (full 2):
 PSYoungGen      total 581120K, used 224K [0x00000000d5d00000, 0x00000000fa000000, 0x0000000100000000)
  eden space 569344K, 0% used [0x00000000d5d00000,0x00000000d5d00000,0x00000000f8900000)
  from space 11776K, 1% used [0x00000000f9480000,0x00000000f94b8000,0x00000000fa000000)
  to   space 11776K, 0% used [0x00000000f8900000,0x00000000f8900000,0x00000000f9480000)
 ParOldGen       total 59392K, used 37565K [0x0000000081600000, 0x0000000085000000, 0x00000000d5d00000)
  object space 59392K, 63% used [0x0000000081600000,0x0000000083aaf4e0,0x0000000085000000)
 Metaspace       used 28138K, capacity 29722K, committed 29952K, reserved 1075200K
  class space    used 3527K, capacity 4269K, committed 4352K, reserved 1048576K
}

