# JRE version: Java(TM) SE Runtime Environment (8.0_171-b11) (build 1.8.0_171-b11)
# Java VM: Java HotSpot(TM) 64-Bit Server VM (25.171-b11 mixed mode windows-amd64 compressed oops)
Heap:
 PSYoungGen      total 619520K, used 452326K [0x00000000d5d00000, 0x00000000fc580000, 0x0000000100000000)
  eden space 607744K, 74% used [0x00000000d5d00000,0x00000000f1559a68,0x00000000fae80000)
  from space 11776K, 11% used [0x00000000fae80000,0x00000000fafe0000,0x00000000fba00000)
  to   space 10752K, 0% used [0x00000000fbb00000,0x00000000fbb00000,0x00000000fc580000)
 ParOldGen       total 56320K, used 43099K [0x0000000081600000, 0x0000000084d00000, 0x00000000d5d00000)
  object space 56320K, 76% used [0x0000000081600000,0x0000000084016f60,0x0000000084d00000)
 Metaspace       used 27233K, capacity 28826K, committed 29056K, reserved 1075200K
  class space    used 3433K, capacity 4205K, committed 4224K, reserved 1048576K
GC Heap History (10 events):
Event: 4.930 GC heap before
{Heap before GC invocations=22 (full 1):
 PSYoungGen      total 618496K, used 609824K [0x00000000d5d00000, 0x00000000fc580000, 0x0000000100000000)
  eden space 607744K, 100% used [0x00000000d5d00000,0x00000000fae80000,0x00000000fae80000)
  from space 10752K, 19% used [0x00000000fbb00000,0x00000000fbd08000,0x00000000fc580000)
  to   space 11776K, 0% used [0x00000000fae80000,0x00000000fae80000,0x00000000fba00000)
 ParOldGen       total 56320K, used 39651K [0x0000000081600000, 0x0000000084d00000, 0x00000000d5d00000)
  object space 56320K, 70% used [0x0000000081600000,0x0000000083cb8f60,0x0000000084d00000)
 Metaspace       used 27222K, capacity 28826K, committed 29056K, reserved 1075200K
  class space    used 3433K, capacity 4205K, committed 4224K, reserved 1048576K
Event: 4.932 GC heap after
Heap after GC invocations=22 (full 1):
 PSYoungGen      total 619520K, used 2112K [0x00000000d5d00000, 0x00000000fc580000, 0x0000000100000000)
  eden space 607744K, 0% used [0x00000000d5d00000,0x00000000d5d00000,0x00000000fae80000)
  from space 11776K, 17% used [0x00000000fae80000,0x00000000fb090000,0x00000000fba00000)
  to   space 10752K, 0% used [0x00000000fbb00000,0x00000000fbb00000,0x00000000fc580000)
 ParOldGen       total 56320K, used 40339K [0x0000000081600000, 0x0000000084d00000, 0x00000000d5d00000)
  object space 56320K, 71% used [0x0000000081600000,0x0000000083d64f60,0x0000000084d00000)
 Metaspace       used 27222K, capacity 28826K, committed 29056K, reserved 1075200K
  class space    used 3433K, capacity 4205K, committed 4224K, reserved 1048576K
}
Event: 4.969 GC heap before
{Heap before GC invocations=23 (full 1):
 PSYoungGen      total 619520K, used 609856K [0x00000000d5d00000, 0x00000000fc580000, 0x0000000100000000)
  eden space 607744K, 100% used [0x00000000d5d00000,0x00000000fae80000,0x00000000fae80000)
  from space 11776K, 17% used [0x00000000fae80000,0x00000000fb090000,0x00000000fba00000)
  to   space 10752K, 0% used [0x00000000fbb00000,0x00000000fbb00000,0x00000000fc580000)
 ParOldGen       total 56320K, used 40339K [0x0000000081600000, 0x0000000084d00000, 0x00000000d5d00000)
  object space 56320K, 71% used [0x0000000081600000,0x0000000083d64f60,0x0000000084d00000)
 Metaspace       used 27222K, capacity 28826K, committed 29056K, reserved 1075200K
  class space    used 3433K, capacity 4205K, committed 4224K, reserved 1048576K
Event: 4.971 GC heap after
Heap after GC invocations=23 (full 1):
 PSYoungGen      total 618496K, used 2144K [0x00000000d5d00000, 0x00000000fc580000, 0x0000000100000000)
  eden space 607744K, 0% used [0x00000000d5d00000,0x00000000d5d00000,0x00000000fae80000)
  from space 10752K, 19% used [0x00000000fbb00000,0x00000000fbd18000,0x00000000fc580000)
  to   space 11776K, 0% used [0x00000000fae80000,0x00000000fae80000,0x00000000fba00000)
 ParOldGen       total 56320K, used 41027K [0x0000000081600000, 0x0000000084d00000, 0x00000000d5d00000)
  object space 56320K, 72% used [0x0000000081600000,0x0000000083e10f60,0x0000000084d00000)
 Metaspace       used 27222K, capacity 28826K, committed 29056K, reserved 1075200K
  class space    used 3433K, capacity 4205K, committed 4224K, reserved 1048576K
}
Event: 5.005 GC heap before
{Heap before GC invocations=24 (full 1):
 PSYoungGen      total 618496K, used 609888K [0x00000000d5d00000, 0x00000000fc580000, 0x0000000100000000)
  eden space 607744K, 100% used [0x00000000d5d00000,0x00000000fae80000,0x00000000fae80000)
  from space 10752K, 19% used [0x00000000fbb00000,0x00000000fbd18000,0x00000000fc580000)
  to   space 11776K, 0% used [0x00000000fae80000,0x00000000fae80000,0x00000000fba00000)
 ParOldGen       total 56320K, used 41027K [0x0000000081600000, 0x0000000084d00000, 0x00000000d5d00000)
  object space 56320K, 72% used [0x0000000081600000,0x0000000083e10f60,0x0000000084d00000)
 Metaspace       used 27223K, capacity 28826K, committed 29056K, reserved 1075200K
  class space    used 3433K, capacity 4205K, committed 4224K, reserved 1048576K
Event: 5.007 GC heap after
Heap after GC invocations=24 (full 1):
 PSYoungGen      total 619520K, used 2176K [0x00000000d5d00000, 0x00000000fc580000, 0x0000000100000000)
  eden space 607744K, 0% used [0x00000000d5d00000,0x00000000d5d00000,0x00000000fae80000)
  from space 11776K, 18% used [0x00000000fae80000,0x00000000fb0a0000,0x00000000fba00000)
  to   space 10752K, 0% used [0x00000000fbb00000,0x00000000fbb00000,0x00000000fc580000)
 ParOldGen       total 56320K, used 41715K [0x0000000081600000, 0x0000000084d00000, 0x00000000d5d00000)
  object space 56320K, 74% used [0x0000000081600000,0x0000000083ebcf60,0x0000000084d00000)
 Metaspace       used 27223K, capacity 28826K, committed 29056K, reserved 1075200K
  class space    used 3433K, capacity 4205K, committed 4224K, reserved 1048576K
}
Event: 5.046 GC heap before
{Heap before GC invocations=25 (full 1):
 PSYoungGen      total 619520K, used 609920K [0x00000000d5d00000, 0x00000000fc580000, 0x0000000100000000)
  eden space 607744K, 100% used [0x00000000d5d00000,0x00000000fae80000,0x00000000fae80000)
  from space 11776K, 18% used [0x00000000fae80000,0x00000000fb0a0000,0x00000000fba00000)
  to   space 10752K, 0% used [0x00000000fbb00000,0x00000000fbb00000,0x00000000fc580000)
 ParOldGen       total 56320K, used 41715K [0x0000000081600000, 0x0000000084d00000, 0x00000000d5d00000)
  object space 56320K, 74% used [0x0000000081600000,0x0000000083ebcf60,0x0000000084d00000)
 Metaspace       used 27225K, capacity 28826K, committed 29056K, reserved 1075200K
  class space    used 3433K, capacity 4205K, committed 4224K, reserved 1048576K
Event: 5.049 GC heap after
Heap after GC invocations=25 (full 1):
 PSYoungGen      total 618496K, used 2176K [0x00000000d5d00000, 0x00000000fc580000, 0x0000000100000000)
  eden space 607744K, 0% used [0x00000000d5d00000,0x00000000d5d00000,0x00000000fae80000)
  from space 10752K, 20% used [0x00000000fbb00000,0x00000000fbd20000,0x00000000fc580000)
  to   space 11776K, 0% used [0x00000000fae80000,0x00000000fae80000,0x00000000fba00000)
 ParOldGen       total 56320K, used 42411K [0x0000000081600000, 0x0000000084d00000, 0x00000000d5d00000)
  object space 56320K, 75% used [0x0000000081600000,0x0000000083f6af60,0x0000000084d00000)
 Metaspace       used 27225K, capacity 28826K, committed 29056K, reserved 1075200K
  class space    used 3433K, capacity 4205K, committed 4224K, reserved 1048576K
}
Event: 5.133 GC heap before
{Heap before GC invocations=26 (full 1):
 PSYoungGen      total 618496K, used 609920K [0x00000000d5d00000, 0x00000000fc580000, 0x0000000100000000)
  eden space 607744K, 100% used [0x00000000d5d00000,0x00000000fae80000,0x00000000fae80000)
  from space 10752K, 20% used [0x00000000fbb00000,0x00000000fbd20000,0x00000000fc580000)
  to   space 11776K, 0% used [0x00000000fae80000,0x00000000fae80000,0x00000000fba00000)
 ParOldGen       total 56320K, used 42411K [0x0000000081600000, 0x0000000084d00000, 0x00000000d5d00000)
  object space 56320K, 75% used [0x0000000081600000,0x0000000083f6af60,0x0000000084d00000)
 Metaspace       used 27225K, capacity 28826K, committed 29056K, reserved 1075200K
  class space    used 3433K, capacity 4205K, committed 4224K, reserved 1048576K
Event: 5.135 GC heap after
Heap after GC invocations=26 (full 1):
 PSYoungGen      total 619520K, used 1408K [0x00000000d5d00000, 0x00000000fc580000, 0x0000000100000000)
  eden space 607744K, 0% used [0x00000000d5d00000,0x00000000d5d00000,0x00000000fae80000)
  from space 11776K, 11% used [0x00000000fae80000,0x00000000fafe0000,0x00000000fba00000)
  to   space 10752K, 0% used [0x00000000fbb00000,0x00000000fbb00000,0x00000000fc580000)
 ParOldGen       total 56320K, used 43099K [0x0000000081600000, 0x0000000084d00000, 0x00000000d5d00000)
  object space 56320K, 76% used [0x0000000081600000,0x0000000084016f60,0x0000000084d00000)
 Metaspace       used 27225K, capacity 28826K, committed 29056K, reserved 1075200K
  class space    used 3433K, capacity 4205K, committed 4224K, reserved 1048576K
}

